0 info it worked if it ends with ok
1 verbose cli [ 'node', '/usr/local/bin/npm', 'run', 'live-server' ]
2 info using npm@2.14.2
3 info using node@v0.12.7
4 verbose node symlink /usr/local/bin/node
5 verbose run-script [ 'prelive-server', 'live-server', 'postlive-server' ]
6 info prelive-server angular2-starter@0.0.1
7 info live-server angular2-starter@0.0.1
8 verbose unsafe-perm in lifecycle true
9 info angular2-starter@0.0.1 Failed to exec live-server script
10 verbose stack Error: angular2-starter@0.0.1 live-server: `./node_modules/live-server.js`
10 verbose stack spawn ENOENT
10 verbose stack     at ChildProcess.<anonymous> (/usr/local/lib/node_modules/npm/lib/utils/spawn.js:17:16)
10 verbose stack     at ChildProcess.emit (events.js:110:17)
10 verbose stack     at maybeClose (child_process.js:1015:16)
10 verbose stack     at Process.ChildProcess._handle.onexit (child_process.js:1087:5)
11 verbose pkgid angular2-starter@0.0.1
12 verbose cwd /Users/vectorhacker/Projects/angular2-starter
13 error Darwin 14.5.0
14 error argv "node" "/usr/local/bin/npm" "run" "live-server"
15 error node v0.12.7
16 error npm  v2.14.2
17 error file sh
18 error code ELIFECYCLE
19 error errno ENOENT
20 error syscall spawn
21 error angular2-starter@0.0.1 live-server: `./node_modules/live-server.js`
21 error spawn ENOENT
22 error Failed at the angular2-starter@0.0.1 live-server script './node_modules/live-server.js'.
22 error This is most likely a problem with the angular2-starter package,
22 error not with npm itself.
22 error Tell the author that this fails on your system:
22 error     ./node_modules/live-server.js
22 error You can get their info via:
22 error     npm owner ls angular2-starter
22 error There is likely additional logging output above.
23 verbose exit [ 1, true ]
